2023-01-05 18:31:17,012@ __main__ [INFO] <module>: Start logger
2023-01-05 18:31:17,014@ __main__ [INFO] <module>: Get device number
2023-01-05 18:31:19,994@ __main__ [DEBUG] <module>: Video Device: [None]Logitech StreamCam
2023-01-05 18:31:19,994@ __main__ [DEBUG] <module>: Audio Device (MAIN): [None]Yamaha AG03MK2
2023-01-05 18:31:19,994@ __main__ [DEBUG] <module>: Audio Device (SUB): [None]Logitech StreamCam
2023-01-05 18:31:19,994@ __main__ [ERROR] <module>: ERROR: Device not found (Logitech StreamCam)
2023-01-05 18:31:19,995@ __main__ [ERROR] <module>: ERROR: Device not found (Yamaha AG03MK2)
2023-01-05 18:31:19,996@ __main__ [ERROR] <module>: ERROR: Device not found (Logitech StreamCam)
2023-01-05 18:31:19,996@ __main__ [DEBUG] <module>: Successfully obtained device number
2023-01-05 18:31:19,996@ __main__ [INFO] <module>: AV Record Start...
2023-01-05 18:31:20,022@ __main__ [DEBUG] <module>: AudioRecorder (MAIN) is ready
2023-01-05 18:31:20,028@ __main__ [DEBUG] <module>: AudioRecorder (SUB) is ready
2023-01-05 18:31:20,782@ __main__ [DEBUG] <module>: VideoRecorder is ready
2023-01-05 18:31:20,832@ __main__ [DEBUG] <module>: Thread startup complete
2023-01-05 18:31:20,844@ __main__ [INFO] <module>: If you want to start the AV record, press the "s" key.
2023-01-05 18:31:22,275@ __main__ [INFO] <module>: If you want to stop the AV record, press the "e" key.
2023-01-05 18:31:26,489@ __main__ [DEBUG] <module>: Stopping Threads
2023-01-05 18:31:26,508@ __main__ [INFO] <module>: AV Record End...
2023-01-05 18:31:26,528@ __main__ [INFO] <module>: Display of recording results
2023-01-05 18:31:26,547@ __main__ [INFO] results: Recorded Video: Nara/01_2023_01_05/01_expert.raw.mp4
2023-01-05 18:31:26,617@ __main__ [DEBUG] results: width: 0.0
2023-01-05 18:31:26,636@ __main__ [DEBUG] results: height: 0.0
2023-01-05 18:31:26,636@ __main__ [DEBUG] results: fps: 0.0
2023-01-05 18:31:26,636@ __main__ [DEBUG] results: frame_count: 0.0
